Vivado Simulator 2017.4
Copyright 1986-1999, 2001-2016 Xilinx, Inc. All Rights Reserved.
Running: /opt/Xilinx/Vivado/2017.4/bin/unwrapped/lnx64.o/xelab -wto 30769ce4be18472ab32f042de34dafe4 --incr --debug typical --relax --mt 8 -L xbip_utils_v3_0_8 -L axi_utils_v2_0_4 -L xbip_pipe_v3_0_4 -L xbip_dsp48_wrapper_v3_0_4 -L xbip_dsp48_addsub_v3_0_4 -L xbip_dsp48_multadd_v3_0_4 -L xbip_bram18k_v3_0_4 -L mult_gen_v12_0_13 -L floating_point_v7_1_5 -L xil_defaultlib -L unisims_ver -L unimacro_ver -L secureip -L xpm --snapshot TopLevelTB_behav xil_defaultlib.TopLevelTB xil_defaultlib.glbl -log elaborate.log 
Using 8 slave threads.
Starting static elaboration
WARNING: [VRFC 10-516] comparison between unequal length arrays always returns FALSE [/home/asiatici/epfl/memory-coalescer/vivado/spmv/spmv-hls/RTLFullyPipelinedSpMV/RTLFullyPipelinedSpMV.srcs/sources_1/new/TopLevel.vhd:402]
Completed static elaboration
Starting simulation data flow analysis
Completed simulation data flow analysis
Time Resolution for simulation is 1ps
Compiling package std.standard
Compiling package std.textio
Compiling package ieee.std_logic_1164
Compiling package ieee.numeric_std
Compiling package ieee.math_real
Compiling package xil_defaultlib.txt_util
Compiling package ieee.std_logic_textio
Compiling package floating_point_v7_1_5.floating_point_v7_1_5_viv_comp
Compiling package xbip_utils_v3_0_8.xbip_utils_v3_0_8_pkg
Compiling package axi_utils_v2_0_4.axi_utils_v2_0_4_pkg
Compiling package floating_point_v7_1_5.floating_point_v7_1_5_consts
Compiling package floating_point_v7_1_5.floating_point_v7_1_5_exp_table_...
Compiling package mult_gen_v12_0_13.mult_gen_v12_0_13_pkg
Compiling package ieee.std_logic_arith
Compiling package ieee.std_logic_signed
Compiling package floating_point_v7_1_5.floating_point_v7_1_5_pkg
Compiling package floating_point_v7_1_5.flt_utils
Compiling package unisim.vcomponents
Compiling package xbip_pipe_v3_0_4.xbip_pipe_v3_0_4_viv_comp
Compiling package ieee.vital_timing
Compiling package ieee.vital_primitives
Compiling package unisim.vpkg
Compiling package axi_utils_v2_0_4.global_util_pkg
Compiling package axi_utils_v2_0_4.axi_utils_comps
Compiling package vl.vl_types
Compiling module xil_defaultlib.glbl
Compiling module xil_defaultlib.len_stream_AXILiteS_s_axi
Compiling module xil_defaultlib.Block_proc
Compiling module xil_defaultlib.Loop_1_proc
Compiling module xil_defaultlib.fifo_w32_d2_A_shiftReg
Compiling module xil_defaultlib.fifo_w32_d2_A
Compiling module xil_defaultlib.len_stream
Compiling module xil_defaultlib.len_stream_0
Compiling architecture xilinx of entity axi_utils_v2_0_4.axi_slave_2to1 [\axi_slave_2to1(c_a_tdata_width=...]
Compiling architecture synth of entity xbip_pipe_v3_0_4.xbip_pipe_v3_0_4_viv [\xbip_pipe_v3_0_4_viv(c_has_ce=1...]
Compiling architecture rtl of entity floating_point_v7_1_5.delay [\delay(width=7,length=0)\]
Compiling architecture synth of entity xbip_pipe_v3_0_4.xbip_pipe_v3_0_4_viv [\xbip_pipe_v3_0_4_viv(c_has_ce=1...]
Compiling architecture rtl of entity floating_point_v7_1_5.delay [\delay(width=4,length=0)\]
Compiling architecture synth of entity xbip_pipe_v3_0_4.xbip_pipe_v3_0_4_viv [\xbip_pipe_v3_0_4_viv(c_has_ce=1...]
Compiling architecture rtl of entity floating_point_v7_1_5.delay [\delay(length=0)\]
Compiling architecture synth of entity xbip_pipe_v3_0_4.xbip_pipe_v3_0_4_viv [\xbip_pipe_v3_0_4_viv(c_has_ce=1...]
Compiling architecture rtl of entity floating_point_v7_1_5.delay [\delay(width=16,length=0)\]
Compiling architecture synth of entity xbip_pipe_v3_0_4.xbip_pipe_v3_0_4_viv [\xbip_pipe_v3_0_4_viv(c_has_ce=1...]
Compiling architecture rtl of entity floating_point_v7_1_5.delay [\delay(width=24,length=0)\]
Compiling architecture synth of entity xbip_pipe_v3_0_4.xbip_pipe_v3_0_4_viv [\xbip_pipe_v3_0_4_viv(c_has_ce=1...]
Compiling architecture rtl of entity floating_point_v7_1_5.delay [\delay(width=17,length=0)\]
Compiling architecture synth of entity xbip_pipe_v3_0_4.xbip_pipe_v3_0_4_viv [\xbip_pipe_v3_0_4_viv(c_has_ce=1...]
Compiling architecture rtl of entity floating_point_v7_1_5.delay [\delay(width=25,length=0)\]
Compiling architecture dsp48e1_v of entity unisim.DSP48E1 [\DSP48E1(adreg=0,alumodereg=0,ca...]
Compiling architecture rtl of entity floating_point_v7_1_5.dsp48e1_wrapper [\dsp48e1_wrapper(a_width=24,b_wi...]
Compiling architecture synth of entity xbip_pipe_v3_0_4.xbip_pipe_v3_0_4_viv [\xbip_pipe_v3_0_4_viv(c_latency=...]
Compiling architecture rtl of entity floating_point_v7_1_5.delay [delay_default]
Compiling architecture synth of entity xbip_pipe_v3_0_4.xbip_pipe_v3_0_4_viv [\xbip_pipe_v3_0_4_viv(c_has_ce=1...]
Compiling architecture rtl of entity floating_point_v7_1_5.delay [\delay(width=48,length=0)\]
Compiling architecture dsp48e1_v of entity unisim.DSP48E1 [\DSP48E1(adreg=0,alumodereg=0,a_...]
Compiling architecture rtl of entity floating_point_v7_1_5.dsp48e1_wrapper [\dsp48e1_wrapper(a_width=24,b_wi...]
Compiling architecture struct of entity floating_point_v7_1_5.fix_mult_dsp48e1_sgl [\fix_mult_dsp48e1_sgl(registers=...]
Compiling architecture rtl of entity floating_point_v7_1_5.fix_mult [\fix_mult(c_xdevicefamily="zynq"...]
Compiling architecture muxcy_v of entity unisim.MUXCY [muxcy_default]
Compiling architecture xorcy_v of entity unisim.XORCY [xorcy_default]
Compiling architecture fdre_v of entity unisim.FDRE [fdre_default]
Compiling architecture fde_v of entity unisim.FDE [fde_default]
Compiling architecture synth of entity xbip_pipe_v3_0_4.xbip_pipe_v3_0_4_viv [\xbip_pipe_v3_0_4_viv(c_latency=...]
Compiling architecture rtl of entity floating_point_v7_1_5.delay [\delay(width=7)\]
Compiling architecture synth of entity xbip_pipe_v3_0_4.xbip_pipe_v3_0_4_viv [\xbip_pipe_v3_0_4_viv(c_latency=...]
Compiling architecture rtl of entity floating_point_v7_1_5.delay [\delay(width=8,fast_input=true)\]
Compiling architecture struct of entity floating_point_v7_1_5.carry_chain [\carry_chain(c_xdevicefamily="zy...]
Compiling architecture synth of entity xbip_pipe_v3_0_4.xbip_pipe_v3_0_4_viv [\xbip_pipe_v3_0_4_viv(c_has_ce=1...]
Compiling architecture rtl of entity floating_point_v7_1_5.delay [\delay(width=32,length=0)\]
Compiling architecture struct of entity floating_point_v7_1_5.carry_chain [\carry_chain(c_xdevicefamily="zy...]
Compiling architecture synth of entity floating_point_v7_1_5.compare_eq_im [\compare_eq_im(c_xdevicefamily="...]
Compiling architecture synth of entity xbip_pipe_v3_0_4.xbip_pipe_v3_0_4_viv [\xbip_pipe_v3_0_4_viv(c_latency=...]
Compiling architecture rtl of entity floating_point_v7_1_5.delay [\delay(fast_input=true)\]
Compiling architecture rtl of entity floating_point_v7_1_5.special_detect [\special_detect(c_xdevicefamily=...]
Compiling architecture synth of entity xbip_pipe_v3_0_4.xbip_pipe_v3_0_4_viv [\xbip_pipe_v3_0_4_viv(c_latency=...]
Compiling architecture rtl of entity floating_point_v7_1_5.delay [\delay(length=3)\]
Compiling architecture synth of entity xbip_pipe_v3_0_4.xbip_pipe_v3_0_4_viv [\xbip_pipe_v3_0_4_viv(c_latency=...]
Compiling architecture rtl of entity floating_point_v7_1_5.delay [\delay(width=2,length=3,fast_inp...]
Compiling architecture synth of entity xbip_pipe_v3_0_4.xbip_pipe_v3_0_4_viv [\xbip_pipe_v3_0_4_viv(c_latency=...]
Compiling architecture rtl of entity floating_point_v7_1_5.delay [\delay(length=3,fast_input=true)...]
Compiling architecture synth of entity xbip_pipe_v3_0_4.xbip_pipe_v3_0_4_viv [\xbip_pipe_v3_0_4_viv(c_latency=...]
Compiling architecture rtl of entity floating_point_v7_1_5.delay [\delay(length=4,fast_input=true)...]
Compiling architecture synth of entity xbip_pipe_v3_0_4.xbip_pipe_v3_0_4_viv [\xbip_pipe_v3_0_4_viv(c_latency=...]
Compiling architecture rtl of entity floating_point_v7_1_5.delay [\delay(width=4,length=3,fast_inp...]
Compiling architecture synth of entity xbip_pipe_v3_0_4.xbip_pipe_v3_0_4_viv [\xbip_pipe_v3_0_4_viv(c_latency=...]
Compiling architecture rtl of entity floating_point_v7_1_5.delay [\delay(width=8,length=2)\]
Compiling architecture synth of entity xbip_pipe_v3_0_4.xbip_pipe_v3_0_4_viv [\xbip_pipe_v3_0_4_viv(c_has_ce=1...]
Compiling architecture rtl of entity floating_point_v7_1_5.delay [\delay(width=3,length=0,fast_inp...]
Compiling architecture synth of entity xbip_pipe_v3_0_4.xbip_pipe_v3_0_4_viv [\xbip_pipe_v3_0_4_viv(c_latency=...]
Compiling architecture rtl of entity floating_point_v7_1_5.delay [\delay(width=4,fast_input=true)\]
Compiling architecture synth of entity xbip_pipe_v3_0_4.xbip_pipe_v3_0_4_viv [\xbip_pipe_v3_0_4_viv(c_has_ce=1...]
Compiling architecture rtl of entity floating_point_v7_1_5.delay [\delay(length=0,fast_input=true)...]
Compiling architecture synth of entity xbip_pipe_v3_0_4.xbip_pipe_v3_0_4_viv [\xbip_pipe_v3_0_4_viv(c_latency=...]
Compiling architecture rtl of entity floating_point_v7_1_5.delay [\delay(width=14)\]
Compiling architecture rtl of entity floating_point_v7_1_5.flt_mult_exp [\flt_mult_exp(c_xdevicefamily="z...]
Compiling architecture synth of entity xbip_pipe_v3_0_4.xbip_pipe_v3_0_4_viv [\xbip_pipe_v3_0_4_viv(c_has_ce=1...]
Compiling architecture rtl of entity floating_point_v7_1_5.delay [\delay(width=30,length=0)\]
Compiling architecture synth of entity xbip_pipe_v3_0_4.xbip_pipe_v3_0_4_viv [\xbip_pipe_v3_0_4_viv(c_has_ce=1...]
Compiling architecture rtl of entity floating_point_v7_1_5.delay [\delay(width=18,length=0)\]
Compiling architecture dsp48e1_v of entity unisim.DSP48E1 [\DSP48E1(acascreg=0,adreg=0,alum...]
Compiling architecture rtl of entity floating_point_v7_1_5.dsp48e1_wrapper [\dsp48e1_wrapper(a_width=30,b_wi...]
Compiling architecture synth of entity xbip_pipe_v3_0_4.xbip_pipe_v3_0_4_viv [\xbip_pipe_v3_0_4_viv(c_latency=...]
Compiling architecture rtl of entity floating_point_v7_1_5.delay [\delay(length=2)\]
Compiling architecture synth of entity xbip_pipe_v3_0_4.xbip_pipe_v3_0_4_viv [\xbip_pipe_v3_0_4_viv(c_latency=...]
Compiling architecture rtl of entity floating_point_v7_1_5.delay [\delay(width=25)\]
Compiling architecture struct of entity floating_point_v7_1_5.flt_round_dsp_opt_full [\flt_round_dsp_opt_full(c_xdevic...]
Compiling architecture rtl of entity floating_point_v7_1_5.flt_mult_round [\flt_mult_round(c_xdevicefamily=...]
Compiling architecture synth of entity floating_point_v7_1_5.flt_dec_op_lat [\flt_dec_op_lat(c_xdevicefamily=...]
Compiling architecture rtl of entity floating_point_v7_1_5.flt_mult [\flt_mult(c_xdevicefamily="zynq"...]
Compiling architecture xilinx of entity axi_utils_v2_0_4.glb_srl_fifo [\glb_srl_fifo(width=35,has_uvpro...]
Compiling architecture xilinx of entity axi_utils_v2_0_4.glb_ifx_master [\glb_ifx_master(width=35,afull_t...]
Compiling architecture synth of entity xbip_pipe_v3_0_4.xbip_pipe_v3_0_4_viv [\xbip_pipe_v3_0_4_viv(c_latency=...]
Compiling architecture xilinx of entity floating_point_v7_1_5.floating_point_v7_1_5_viv [\floating_point_v7_1_5_viv(c_xde...]
Compiling architecture xilinx of entity floating_point_v7_1_5.floating_point_v7_1_5 [\floating_point_v7_1_5(c_xdevice...]
Compiling architecture fpmul_arch of entity xil_defaultlib.fpmul [fpmul_default]
Compiling module xil_defaultlib.TLASTGenerator
Compiling architecture xilinx of entity axi_utils_v2_0_4.axi_slave_2to1 [\axi_slave_2to1(c_a_tdata_width=...]
Compiling architecture synth of entity xbip_pipe_v3_0_4.xbip_pipe_v3_0_4_viv [\xbip_pipe_v3_0_4_viv(c_latency=...]
Compiling architecture rtl of entity floating_point_v7_1_5.delay [\delay(length=23)\]
Compiling architecture synth of entity xbip_pipe_v3_0_4.xbip_pipe_v3_0_4_viv [\xbip_pipe_v3_0_4_viv(c_latency=...]
Compiling architecture rtl of entity floating_point_v7_1_5.delay [\delay(width=48)\]
Compiling architecture synth of entity xbip_pipe_v3_0_4.xbip_pipe_v3_0_4_viv [\xbip_pipe_v3_0_4_viv(c_latency=...]
Compiling architecture rtl of entity floating_point_v7_1_5.delay [\delay(width=4)\]
Compiling architecture dsp48e1_v of entity unisim.DSP48E1 [\DSP48E1(acascreg=0,adreg=0,areg...]
Compiling architecture rtl of entity floating_point_v7_1_5.dsp48e1_wrapper [\dsp48e1_wrapper(a_width=30,b_wi...]
Compiling architecture synth of entity xbip_pipe_v3_0_4.xbip_pipe_v3_0_4_viv [\xbip_pipe_v3_0_4_viv(c_has_ce=1...]
Compiling architecture rtl of entity floating_point_v7_1_5.delay [\delay(width=8,length=0)\]
Compiling architecture struct of entity floating_point_v7_1_5.carry_chain [\carry_chain(c_xdevicefamily="zy...]
Compiling architecture synth of entity floating_point_v7_1_5.compare_eq_im [\compare_eq_im(c_xdevicefamily="...]
Compiling architecture synth of entity xbip_pipe_v3_0_4.xbip_pipe_v3_0_4_viv [\xbip_pipe_v3_0_4_viv(c_has_ce=1...]
Compiling architecture rtl of entity floating_point_v7_1_5.delay [\delay(width=12,length=0,fast_in...]
Compiling architecture struct of entity floating_point_v7_1_5.carry_chain [\carry_chain(c_xdevicefamily="zy...]
Compiling architecture struct of entity floating_point_v7_1_5.carry_chain [\carry_chain(c_xdevicefamily="zy...]
Compiling architecture synth of entity xbip_pipe_v3_0_4.xbip_pipe_v3_0_4_viv [\xbip_pipe_v3_0_4_viv(c_latency=...]
Compiling architecture rtl of entity floating_point_v7_1_5.delay [\delay(width=6)\]
Compiling architecture synth of entity xbip_pipe_v3_0_4.xbip_pipe_v3_0_4_viv [\xbip_pipe_v3_0_4_viv(c_latency=...]
Compiling architecture rtl of entity floating_point_v7_1_5.delay [\delay(width=12)\]
Compiling architecture rtl of entity floating_point_v7_1_5.flt_accum_bit_encode [\flt_accum_bit_encode(c_xdevicef...]
Compiling architecture struct of entity floating_point_v7_1_5.carry_chain [\carry_chain(c_xdevicefamily="zy...]
Compiling architecture struct of entity floating_point_v7_1_5.carry_chain [\carry_chain(c_xdevicefamily="zy...]
Compiling architecture struct of entity floating_point_v7_1_5.carry_chain [\carry_chain(c_xdevicefamily="zy...]
Compiling architecture synth of entity xbip_pipe_v3_0_4.xbip_pipe_v3_0_4_viv [\xbip_pipe_v3_0_4_viv(c_latency=...]
Compiling architecture rtl of entity floating_point_v7_1_5.delay [\delay(width=8)\]
Compiling architecture rtl of entity floating_point_v7_1_5.flt_accum_bit_encode [\flt_accum_bit_encode(c_xdevicef...]
Compiling architecture synth of entity xbip_pipe_v3_0_4.xbip_pipe_v3_0_4_viv [\xbip_pipe_v3_0_4_viv(c_latency=...]
Compiling architecture rtl of entity floating_point_v7_1_5.delay [\delay(width=4,length=3)\]
Compiling architecture synth of entity xbip_pipe_v3_0_4.xbip_pipe_v3_0_4_viv [\xbip_pipe_v3_0_4_viv(c_latency=...]
Compiling architecture rtl of entity floating_point_v7_1_5.delay [\delay(width=48,length=3)\]
Compiling architecture synth of entity xbip_pipe_v3_0_4.xbip_pipe_v3_0_4_viv [\xbip_pipe_v3_0_4_viv(c_latency=...]
Compiling architecture rtl of entity floating_point_v7_1_5.delay [\delay(width=16,length=4)\]
Compiling architecture rtl of entity floating_point_v7_1_5.dsp48e1_wrapper [\dsp48e1_wrapper(a_width=30,b_wi...]
Compiling architecture synth of entity xbip_pipe_v3_0_4.xbip_pipe_v3_0_4_viv [\xbip_pipe_v3_0_4_viv(c_has_ce=1...]
Compiling architecture rtl of entity floating_point_v7_1_5.delay [\delay(width=3,length=0)\]
Compiling architecture struct of entity floating_point_v7_1_5.carry_chain [\carry_chain(c_xdevicefamily="zy...]
Compiling architecture synth of entity floating_point_v7_1_5.compare_eq_im [\compare_eq_im(c_xdevicefamily="...]
Compiling architecture struct of entity floating_point_v7_1_5.carry_chain [\carry_chain(c_xdevicefamily="zy...]
Compiling architecture synth of entity floating_point_v7_1_5.compare_eq [\compare_eq(c_xdevicefamily="zyn...]
Compiling architecture synth of entity xbip_pipe_v3_0_4.xbip_pipe_v3_0_4_viv [\xbip_pipe_v3_0_4_viv(c_latency=...]
Compiling architecture rtl of entity floating_point_v7_1_5.delay [\delay(length=8,fast_input=true)...]
Compiling architecture synth of entity xbip_pipe_v3_0_4.xbip_pipe_v3_0_4_viv [\xbip_pipe_v3_0_4_viv(c_latency=...]
Compiling architecture rtl of entity floating_point_v7_1_5.delay [\delay(length=4)\]
Compiling architecture struct of entity floating_point_v7_1_5.carry_chain [\carry_chain(c_xdevicefamily="zy...]
Compiling architecture synth of entity floating_point_v7_1_5.compare_gt [\compare_gt(c_xdevicefamily="zyn...]
Compiling architecture synth of entity xbip_pipe_v3_0_4.xbip_pipe_v3_0_4_viv [\xbip_pipe_v3_0_4_viv(c_latency=...]
Compiling architecture rtl of entity floating_point_v7_1_5.delay [\delay(length=21,fast_input=true...]
Compiling architecture rtl of entity floating_point_v7_1_5.special_detect [\special_detect(c_xdevicefamily=...]
Compiling architecture synth of entity xbip_pipe_v3_0_4.xbip_pipe_v3_0_4_viv [\xbip_pipe_v3_0_4_viv(c_latency=...]
Compiling architecture rtl of entity floating_point_v7_1_5.delay [\delay(length=21)\]
Compiling architecture synth of entity xbip_pipe_v3_0_4.xbip_pipe_v3_0_4_viv [\xbip_pipe_v3_0_4_viv(c_latency=...]
Compiling architecture rtl of entity floating_point_v7_1_5.delay [\delay(width=23,length=2)\]
Compiling architecture struct of entity floating_point_v7_1_5.carry_chain [\carry_chain(c_xdevicefamily="ki...]
Compiling architecture synth of entity floating_point_v7_1_5.compare_eq_im [\compare_eq_im(c_xdevicefamily="...]
Compiling architecture rtl of entity floating_point_v7_1_5.special_detect [\special_detect(a_fw=24)(1,7)\]
Compiling architecture synth of entity xbip_pipe_v3_0_4.xbip_pipe_v3_0_4_viv [\xbip_pipe_v3_0_4_viv(c_latency=...]
Compiling architecture rtl of entity floating_point_v7_1_5.delay [\delay(width=10)\]
Compiling architecture rtl of entity floating_point_v7_1_5.delay_s [\delay_s(width=10)\]
Compiling architecture synth of entity xbip_pipe_v3_0_4.xbip_pipe_v3_0_4_viv [\xbip_pipe_v3_0_4_viv(c_latency=...]
Compiling architecture rtl of entity floating_point_v7_1_5.delay [\delay(width=2,length=4,fast_inp...]
Compiling architecture synth of entity xbip_pipe_v3_0_4.xbip_pipe_v3_0_4_viv [\xbip_pipe_v3_0_4_viv(c_has_ce=1...]
Compiling architecture rtl of entity floating_point_v7_1_5.delay [\delay(width=2,length=0)\]
Compiling architecture synth of entity xbip_pipe_v3_0_4.xbip_pipe_v3_0_4_viv [\xbip_pipe_v3_0_4_viv(c_latency=...]
Compiling architecture rtl of entity floating_point_v7_1_5.delay [\delay(width=64)\]
Compiling architecture synth of entity xbip_pipe_v3_0_4.xbip_pipe_v3_0_4_viv [\xbip_pipe_v3_0_4_viv(c_latency=...]
Compiling architecture rtl of entity floating_point_v7_1_5.delay [\delay(width=2)\]
Compiling architecture synth of entity xbip_pipe_v3_0_4.xbip_pipe_v3_0_4_viv [\xbip_pipe_v3_0_4_viv(c_latency=...]
Compiling architecture rtl of entity floating_point_v7_1_5.delay [\delay(width=2,length=2)\]
Compiling architecture rtl of entity floating_point_v7_1_5.shift_msb_first [\shift_msb_first(a_width=24,resu...]
Compiling architecture synth of entity floating_point_v7_1_5.flt_accum_flt_to_fix [\flt_accum_flt_to_fix(c_xdevicef...]
Compiling architecture synth of entity xbip_pipe_v3_0_4.xbip_pipe_v3_0_4_viv [\xbip_pipe_v3_0_4_viv(c_latency=...]
Compiling architecture rtl of entity floating_point_v7_1_5.delay [\delay(length=15)\]
Compiling architecture synth of entity xbip_pipe_v3_0_4.xbip_pipe_v3_0_4_viv [\xbip_pipe_v3_0_4_viv(c_latency=...]
Compiling architecture rtl of entity floating_point_v7_1_5.delay [\delay(width=3,length=6)\]
Compiling architecture synth of entity xbip_pipe_v3_0_4.xbip_pipe_v3_0_4_viv [\xbip_pipe_v3_0_4_viv(c_latency=...]
Compiling architecture rtl of entity floating_point_v7_1_5.delay [\delay(length=8)\]
Compiling architecture struct of entity floating_point_v7_1_5.carry_chain [\carry_chain(c_xdevicefamily="zy...]
Compiling architecture synth of entity xbip_pipe_v3_0_4.xbip_pipe_v3_0_4_viv [\xbip_pipe_v3_0_4_viv(c_latency=...]
Compiling architecture rtl of entity floating_point_v7_1_5.delay [\delay(length=7)\]
Compiling architecture synth of entity xbip_pipe_v3_0_4.xbip_pipe_v3_0_4_viv [\xbip_pipe_v3_0_4_viv(c_has_ce=1...]
Compiling architecture rtl of entity floating_point_v7_1_5.delay [\delay(width=5,length=0,fast_inp...]
Compiling architecture struct of entity floating_point_v7_1_5.carry_chain [\carry_chain(c_xdevicefamily="zy...]
Compiling architecture struct of entity floating_point_v7_1_5.carry_chain [\carry_chain(c_xdevicefamily="zy...]
Compiling architecture synth of entity xbip_pipe_v3_0_4.xbip_pipe_v3_0_4_viv [\xbip_pipe_v3_0_4_viv(c_latency=...]
Compiling architecture rtl of entity floating_point_v7_1_5.delay [\delay(width=5)\]
Compiling architecture rtl of entity floating_point_v7_1_5.flt_accum_bit_encode [\flt_accum_bit_encode(c_xdevicef...]
Compiling architecture struct of entity floating_point_v7_1_5.carry_chain [\carry_chain(c_xdevicefamily="zy...]
Compiling architecture struct of entity floating_point_v7_1_5.carry_chain [\carry_chain(c_xdevicefamily="zy...]
Compiling architecture rtl of entity floating_point_v7_1_5.flt_accum_bit_encode [\flt_accum_bit_encode(c_xdevicef...]
Compiling architecture synth of entity xbip_pipe_v3_0_4.xbip_pipe_v3_0_4_viv [\xbip_pipe_v3_0_4_viv(c_latency=...]
Compiling architecture rtl of entity floating_point_v7_1_5.delay [\delay(width=65,length=3)\]
Compiling architecture synth of entity xbip_pipe_v3_0_4.xbip_pipe_v3_0_4_viv [\xbip_pipe_v3_0_4_viv(c_latency=...]
Compiling architecture rtl of entity floating_point_v7_1_5.delay [\delay(width=65)\]
Compiling architecture synth of entity xbip_pipe_v3_0_4.xbip_pipe_v3_0_4_viv [\xbip_pipe_v3_0_4_viv(c_latency=...]
Compiling architecture rtl of entity floating_point_v7_1_5.delay [\delay(width=2,length=3)\]
Compiling architecture rtl of entity floating_point_v7_1_5.shift_msb_first [\shift_msb_first(a_width=65,resu...]
Compiling architecture synth of entity xbip_pipe_v3_0_4.xbip_pipe_v3_0_4_viv [\xbip_pipe_v3_0_4_viv(c_latency=...]
Compiling architecture rtl of entity floating_point_v7_1_5.delay [\delay(width=8,length=4)\]
Compiling architecture dsp48e1_v of entity unisim.DSP48E1 [\DSP48E1(adreg=0,dreg=0,inmodere...]
Compiling architecture rtl of entity floating_point_v7_1_5.dsp48e1_wrapper [\dsp48e1_wrapper(a_width=30,b_wi...]
Compiling architecture synth of entity floating_point_v7_1_5.flt_log_addsub [\flt_log_addsub(c_xdevicefamily=...]
Compiling architecture synth of entity floating_point_v7_1_5.flt_log_addsub [\flt_log_addsub(c_xdevicefamily=...]
Compiling architecture synth of entity xbip_pipe_v3_0_4.xbip_pipe_v3_0_4_viv [\xbip_pipe_v3_0_4_viv(c_has_ce=1...]
Compiling architecture rtl of entity floating_point_v7_1_5.delay [\delay(width=9,length=0)\]
Compiling architecture struct of entity floating_point_v7_1_5.carry_chain [\carry_chain(c_xdevicefamily="zy...]
Compiling architecture synth of entity floating_point_v7_1_5.compare_eq_im [\compare_eq_im(c_xdevicefamily="...]
Compiling architecture synth of entity xbip_pipe_v3_0_4.xbip_pipe_v3_0_4_viv [\xbip_pipe_v3_0_4_viv(c_latency=...]
Compiling architecture rtl of entity floating_point_v7_1_5.delay [\delay(length=9)\]
Compiling architecture synth of entity xbip_pipe_v3_0_4.xbip_pipe_v3_0_4_viv [\xbip_pipe_v3_0_4_viv(c_latency=...]
Compiling architecture rtl of entity floating_point_v7_1_5.delay [\delay(width=3)\]
Compiling architecture synth of entity xbip_pipe_v3_0_4.xbip_pipe_v3_0_4_viv [\xbip_pipe_v3_0_4_viv(c_latency=...]
Compiling architecture rtl of entity floating_point_v7_1_5.delay [\delay(width=32)\]
Compiling architecture synth of entity xbip_pipe_v3_0_4.xbip_pipe_v3_0_4_viv [\xbip_pipe_v3_0_4_viv(c_latency=...]
Compiling architecture rtl of entity floating_point_v7_1_5.delay [\delay(width=5,length=2)\]
Compiling architecture synth of entity floating_point_v7_1_5.flt_accum [\flt_accum(c_xdevicefamily="zynq...]
Compiling architecture xilinx of entity axi_utils_v2_0_4.glb_srl_fifo [\glb_srl_fifo(width=36,depth=32,...]
Compiling architecture xilinx of entity axi_utils_v2_0_4.glb_ifx_master [\glb_ifx_master(width=36,depth=3...]
Compiling architecture synth of entity xbip_pipe_v3_0_4.xbip_pipe_v3_0_4_viv [\xbip_pipe_v3_0_4_viv(c_latency=...]
Compiling architecture xilinx of entity floating_point_v7_1_5.floating_point_v7_1_5_viv [\floating_point_v7_1_5_viv(c_xde...]
Compiling architecture xilinx of entity floating_point_v7_1_5.floating_point_v7_1_5 [\floating_point_v7_1_5(c_xdevice...]
Compiling architecture fpacc_arch of entity xil_defaultlib.fpacc [fpacc_default]
Compiling architecture behavioral of entity xil_defaultlib.TopLevel [toplevel_default]
Compiling architecture behavioral of entity xil_defaultlib.topleveltb
Built simulation snapshot TopLevelTB_behav
